<?xml version="1.0" encoding="UTF-8"?>
<!-- Generated by org.testng.reporters.JUnitXMLReporter -->
<testsuite ignored="0" hostname="Debashree" failures="1" tests="1" name="Test" time="0.033" errors="0" timestamp="2024-09-13T14:00:12 IST">
  <testcase classname="rahulshettyacademy.tests.Test12" name="submitOrder" time="0.0">
    <failure type="org.testng.TestNGException" message="
Method public void rahulshettyacademy.tests.Test12.submitOrder(java.util.HashMap) throws java.io.IOException,java.lang.InterruptedException requires a @DataProvider named : getData">
      <![CDATA[org.testng.TestNGException: 
Method public void rahulshettyacademy.tests.Test12.submitOrder(java.util.HashMap) throws java.io.IOException,java.lang.InterruptedException requires a @DataProvider named : getData
at java.base/java.util.ArrayList.forEach(ArrayList.java:1511)
... Removed 24 stack frames]]>
    </failure>
  </testcase> <!-- submitOrder -->
</testsuite> <!-- Test -->
