<?xml version="1.0" encoding="UTF-8"?>
<!-- Generated by org.testng.reporters.JUnitXMLReporter -->
<testsuite ignored="0" hostname="Debashree" failures="0" tests="2" name="Error Validation Test" time="10.457" errors="0" timestamp="2024-09-15T12:30:27 IST">
  <testcase classname="rahulshettyacademy.tests.ErrorValidationTest" name="LoginErrorValidation" time="0.894"/>
  <testcase classname="rahulshettyacademy.tests.ErrorValidationTest" name="ProductErrorValidation" time="2.454"/>
</testsuite> <!-- Error Validation Test -->
