<?xml version="1.0" encoding="UTF-8"?>
<testng-results ignored="0" total="5" passed="5" failed="0" skipped="0">
  <reporter-output>
  </reporter-output>
  <suite started-at="2024-09-15T12:30:16 IST" name="Suite" finished-at="2024-09-15T12:30:34 IST" duration-ms="18020">
    <groups>
      <group name="ErrorHandling">
        <method signature="ErrorValidationTest.LoginErrorValidation()[pri:0, instance:rahulshettyacademy.tests.ErrorValidationTest@64b0598]" name="LoginErrorValidation" class="rahulshettyacademy.tests.ErrorValidationTest"/>
      </group> <!-- ErrorHandling -->
      <group name="Purchase">
        <method signature="SubmitOrderTest.submitOrder(java.util.HashMap)[pri:0, instance:rahulshettyacademy.tests.SubmitOrderTest@30f842ca]" name="submitOrder" class="rahulshettyacademy.tests.SubmitOrderTest"/>
      </group> <!-- Purchase -->
    </groups>
    <test started-at="2024-09-15T12:30:16 IST" name="Error Validation Test" finished-at="2024-09-15T12:30:27 IST" duration-ms="10457">
      <class name="rahulshettyacademy.tests.ErrorValidationTest">
        <test-method is-config="true" signature="launchApplication()[pri:0, instance:rahulshettyacademy.tests.ErrorValidationTest@64b0598]" started-at="2024-09-15T12:30:16 IST" name="launchApplication" finished-at="2024-09-15T12:30:20 IST" duration-ms="4003" status="PASS">
          <reporter-output>
          </reporter-output>
        </test-method> <!-- launchApplication -->
        <test-method signature="LoginErrorValidation()[pri:0, instance:rahulshettyacademy.tests.ErrorValidationTest@64b0598]" started-at="2024-09-15T12:30:20 IST" name="LoginErrorValidation" finished-at="2024-09-15T12:30:21 IST" duration-ms="894" status="PASS">
          <reporter-output>
          </reporter-output>
        </test-method> <!-- LoginErrorValidation -->
        <test-method is-config="true" signature="tearDown()[pri:0, instance:rahulshettyacademy.tests.ErrorValidationTest@64b0598]" started-at="2024-09-15T12:30:21 IST" name="tearDown" finished-at="2024-09-15T12:30:21 IST" duration-ms="246" status="PASS">
          <reporter-output>
          </reporter-output>
        </test-method> <!-- tearDown -->
        <test-method is-config="true" signature="launchApplication()[pri:0, instance:rahulshettyacademy.tests.ErrorValidationTest@64b0598]" started-at="2024-09-15T12:30:21 IST" name="launchApplication" finished-at="2024-09-15T12:30:24 IST" duration-ms="2573" status="PASS">
          <reporter-output>
          </reporter-output>
        </test-method> <!-- launchApplication -->
        <test-method signature="ProductErrorValidation()[pri:0, instance:rahulshettyacademy.tests.ErrorValidationTest@64b0598]" started-at="2024-09-15T12:30:24 IST" name="ProductErrorValidation" finished-at="2024-09-15T12:30:26 IST" duration-ms="2454" status="PASS">
          <reporter-output>
          </reporter-output>
        </test-method> <!-- ProductErrorValidation -->
        <test-method is-config="true" signature="tearDown()[pri:0, instance:rahulshettyacademy.tests.ErrorValidationTest@64b0598]" started-at="2024-09-15T12:30:26 IST" name="tearDown" finished-at="2024-09-15T12:30:27 IST" duration-ms="180" status="PASS">
          <reporter-output>
          </reporter-output>
        </test-method> <!-- tearDown -->
      </class> <!-- rahulshettyacademy.tests.ErrorValidationTest -->
    </test> <!-- Error Validation Test -->
    <test started-at="2024-09-15T12:30:16 IST" name="Submit Order Test" finished-at="2024-09-15T12:30:34 IST" duration-ms="18020">
      <class name="rahulshettyacademy.tests.SubmitOrderTest">
        <test-method is-config="true" signature="launchApplication()[pri:0, instance:rahulshettyacademy.tests.SubmitOrderTest@30f842ca]" started-at="2024-09-15T12:30:16 IST" name="launchApplication" finished-at="2024-09-15T12:30:21 IST" duration-ms="4442" status="PASS">
          <reporter-output>
          </reporter-output>
        </test-method> <!-- launchApplication -->
        <test-method signature="submitOrder(java.util.HashMap)[pri:0, instance:rahulshettyacademy.tests.SubmitOrderTest@30f842ca]" started-at="2024-09-15T12:30:21 IST" name="submitOrder" data-provider="getData" finished-at="2024-09-15T12:30:25 IST" duration-ms="4267" status="PASS">
          <params>
            <param index="0">
              <value>
                <![CDATA[{password=Ayesha@14, email=debashree@gmail.com, productName=ZARA COAT 3}]]>
              </value>
            </param>
          </params>
          <reporter-output>
          </reporter-output>
        </test-method> <!-- submitOrder -->
        <test-method is-config="true" signature="tearDown()[pri:0, instance:rahulshettyacademy.tests.SubmitOrderTest@30f842ca]" started-at="2024-09-15T12:30:25 IST" name="tearDown" finished-at="2024-09-15T12:30:25 IST" duration-ms="131" status="PASS">
          <reporter-output>
          </reporter-output>
        </test-method> <!-- tearDown -->
        <test-method is-config="true" signature="launchApplication()[pri:0, instance:rahulshettyacademy.tests.SubmitOrderTest@30f842ca]" started-at="2024-09-15T12:30:25 IST" name="launchApplication" finished-at="2024-09-15T12:30:28 IST" duration-ms="2909" status="PASS">
          <reporter-output>
          </reporter-output>
        </test-method> <!-- launchApplication -->
        <test-method signature="submitOrder(java.util.HashMap)[pri:0, instance:rahulshettyacademy.tests.SubmitOrderTest@30f842ca]" started-at="2024-09-15T12:30:28 IST" name="submitOrder" data-provider="getData" finished-at="2024-09-15T12:30:31 IST" duration-ms="3002" status="PASS">
          <params>
            <param index="0">
              <value>
                <![CDATA[{password=Ayesha@14, email=dutta@abc.com, productName=ADIDAS ORIGINAL}]]>
              </value>
            </param>
          </params>
          <reporter-output>
          </reporter-output>
        </test-method> <!-- submitOrder -->
        <test-method is-config="true" signature="tearDown()[pri:0, instance:rahulshettyacademy.tests.SubmitOrderTest@30f842ca]" started-at="2024-09-15T12:30:31 IST" name="tearDown" finished-at="2024-09-15T12:30:31 IST" duration-ms="104" status="PASS">
          <reporter-output>
          </reporter-output>
        </test-method> <!-- tearDown -->
        <test-method is-config="true" signature="launchApplication()[pri:0, instance:rahulshettyacademy.tests.SubmitOrderTest@30f842ca]" started-at="2024-09-15T12:30:31 IST" name="launchApplication" finished-at="2024-09-15T12:30:33 IST" duration-ms="1881" status="PASS">
          <reporter-output>
          </reporter-output>
        </test-method> <!-- launchApplication -->
        <test-method signature="OrderHistoryTest()[pri:0, instance:rahulshettyacademy.tests.SubmitOrderTest@30f842ca]" started-at="2024-09-15T12:30:33 IST" name="OrderHistoryTest" finished-at="2024-09-15T12:30:34 IST" depends-on-methods="rahulshettyacademy.tests.SubmitOrderTest.submitOrder" duration-ms="746" status="PASS">
          <reporter-output>
          </reporter-output>
        </test-method> <!-- OrderHistoryTest -->
        <test-method is-config="true" signature="tearDown()[pri:0, instance:rahulshettyacademy.tests.SubmitOrderTest@30f842ca]" started-at="2024-09-15T12:30:34 IST" name="tearDown" finished-at="2024-09-15T12:30:34 IST" duration-ms="157" status="PASS">
          <reporter-output>
          </reporter-output>
        </test-method> <!-- tearDown -->
      </class> <!-- rahulshettyacademy.tests.SubmitOrderTest -->
    </test> <!-- Submit Order Test -->
  </suite> <!-- Suite -->
</testng-results>
